mode: set
avito-pvz/internal/transport/http/handlers/pvz/create.go:16.72,22.61 4 0
avito-pvz/internal/transport/http/handlers/pvz/create.go:22.61,34.3 4 0
avito-pvz/internal/transport/http/handlers/pvz/create.go:36.2,36.36 1 0
avito-pvz/internal/transport/http/handlers/pvz/create.go:36.36,40.3 3 0
avito-pvz/internal/transport/http/handlers/pvz/create.go:42.2,52.16 3 0
avito-pvz/internal/transport/http/handlers/pvz/create.go:52.16,54.47 2 0
avito-pvz/internal/transport/http/handlers/pvz/create.go:54.47,56.4 1 0
avito-pvz/internal/transport/http/handlers/pvz/create.go:58.3,58.47 1 0
avito-pvz/internal/transport/http/handlers/pvz/create.go:58.47,60.4 1 0
avito-pvz/internal/transport/http/handlers/pvz/create.go:62.3,62.51 1 0
avito-pvz/internal/transport/http/handlers/pvz/create.go:62.51,64.4 1 0
avito-pvz/internal/transport/http/handlers/pvz/create.go:66.3,68.9 3 0
avito-pvz/internal/transport/http/handlers/pvz/create.go:71.2,77.55 6 0
avito-pvz/internal/transport/http/handlers/pvz/create.go:77.55,79.3 1 0
avito-pvz/internal/transport/http/handlers/pvz/get_all.go:13.70,17.58 3 0
avito-pvz/internal/transport/http/handlers/pvz/get_all.go:17.58,25.3 4 0
avito-pvz/internal/transport/http/handlers/pvz/get_all.go:28.2,28.37 1 0
avito-pvz/internal/transport/http/handlers/pvz/get_all.go:28.37,30.3 1 0
avito-pvz/internal/transport/http/handlers/pvz/get_all.go:31.2,31.18 1 0
avito-pvz/internal/transport/http/handlers/pvz/get_all.go:31.18,33.3 1 0
avito-pvz/internal/transport/http/handlers/pvz/get_all.go:35.2,36.16 2 0
avito-pvz/internal/transport/http/handlers/pvz/get_all.go:36.16,41.3 3 0
avito-pvz/internal/transport/http/handlers/pvz/get_all.go:43.2,44.25 2 0
avito-pvz/internal/transport/http/handlers/pvz/get_all.go:44.25,52.3 1 0
avito-pvz/internal/transport/http/handlers/pvz/get_all.go:54.2,55.60 2 0
avito-pvz/internal/transport/http/handlers/pvz/get_all.go:55.60,58.3 1 0
avito-pvz/internal/transport/http/handlers/pvz/pvz.go:11.47,13.2 1 0
avito-pvz/pkg/postgres/postgres.go:16.74,28.16 3 0
avito-pvz/pkg/postgres/postgres.go:28.16,31.3 1 0
avito-pvz/pkg/postgres/postgres.go:33.2,45.16 3 0
avito-pvz/pkg/postgres/postgres.go:45.16,47.3 1 0
avito-pvz/pkg/postgres/postgres.go:49.2,49.71 1 0
avito-pvz/pkg/postgres/postgres.go:49.71,51.3 1 0
avito-pvz/pkg/postgres/postgres.go:53.2,53.18 1 0
avito-pvz/internal/transport/http/handlers/product/add.go:15.77,20.61 3 0
avito-pvz/internal/transport/http/handlers/product/add.go:20.61,32.3 4 0
avito-pvz/internal/transport/http/handlers/product/add.go:34.2,34.38 1 0
avito-pvz/internal/transport/http/handlers/product/add.go:34.38,38.3 3 0
avito-pvz/internal/transport/http/handlers/product/add.go:40.2,41.16 2 0
avito-pvz/internal/transport/http/handlers/product/add.go:41.16,45.3 3 0
avito-pvz/internal/transport/http/handlers/product/add.go:47.2,56.55 4 0
avito-pvz/internal/transport/http/handlers/product/add.go:56.55,58.3 1 0
avito-pvz/internal/transport/http/handlers/product/delete_last.go:13.84,17.17 3 0
avito-pvz/internal/transport/http/handlers/product/delete_last.go:17.17,21.3 3 0
avito-pvz/internal/transport/http/handlers/product/delete_last.go:23.2,25.16 2 0
avito-pvz/internal/transport/http/handlers/product/delete_last.go:25.16,26.101 1 0
avito-pvz/internal/transport/http/handlers/product/delete_last.go:26.101,28.4 1 0
avito-pvz/internal/transport/http/handlers/product/delete_last.go:28.9,30.4 1 0
avito-pvz/internal/transport/http/handlers/product/delete_last.go:31.3,32.9 2 0
avito-pvz/internal/transport/http/handlers/product/delete_last.go:35.2,35.42 1 0
avito-pvz/internal/transport/http/handlers/product/product.go:9.51,11.2 1 0
avito-pvz/internal/repository/reception/reception.go:20.49,22.2 1 0
avito-pvz/internal/repository/reception/reception_close.go:9.58,29.16 3 0
avito-pvz/internal/repository/reception/reception_close.go:29.16,31.3 1 0
avito-pvz/internal/repository/reception/reception_close.go:33.2,33.22 1 0
avito-pvz/internal/repository/reception/reception_create.go:11.58,22.16 2 0
avito-pvz/internal/repository/reception/reception_create.go:22.16,24.3 1 0
avito-pvz/internal/repository/reception/reception_create.go:26.2,31.8 1 0
avito-pvz/internal/repository/reception/reception_getGetActiveReception.go:10.112,23.16 3 0
avito-pvz/internal/repository/reception/reception_getGetActiveReception.go:23.16,24.36 1 0
avito-pvz/internal/repository/reception/reception_getGetActiveReception.go:24.36,26.4 1 0
avito-pvz/internal/repository/reception/reception_getGetActiveReception.go:27.3,27.18 1 0
avito-pvz/internal/repository/reception/reception_getGetActiveReception.go:30.2,30.24 1 0
avito-pvz/pkg/logger/logger.go:20.56,21.34 1 0
avito-pvz/pkg/logger/logger.go:21.34,23.3 1 0
avito-pvz/pkg/logger/logger.go:25.2,26.16 2 0
avito-pvz/pkg/logger/logger.go:26.16,28.3 1 0
avito-pvz/pkg/logger/logger.go:30.2,31.17 2 0
avito-pvz/pkg/logger/logger.go:34.52,36.23 2 0
avito-pvz/pkg/logger/logger.go:36.23,39.3 2 0
avito-pvz/pkg/logger/logger.go:40.2,40.12 1 0
avito-pvz/pkg/logger/logger.go:43.77,44.57 1 0
avito-pvz/pkg/logger/logger.go:44.57,46.3 1 0
avito-pvz/pkg/logger/logger.go:48.2,48.50 1 0
avito-pvz/pkg/logger/logger.go:48.50,50.3 1 0
avito-pvz/pkg/logger/logger.go:52.2,52.26 1 0
avito-pvz/pkg/logger/logger.go:55.78,56.33 1 0
avito-pvz/pkg/logger/logger.go:56.33,58.3 1 0
avito-pvz/pkg/logger/logger.go:60.2,60.50 1 0
avito-pvz/pkg/logger/logger.go:60.50,62.3 1 0
avito-pvz/pkg/logger/logger.go:64.2,64.27 1 0
avito-pvz/pkg/logger/logger.go:67.78,68.33 1 0
avito-pvz/pkg/logger/logger.go:68.33,70.3 1 0
avito-pvz/pkg/logger/logger.go:72.2,72.50 1 0
avito-pvz/pkg/logger/logger.go:72.50,74.3 1 0
avito-pvz/pkg/logger/logger.go:76.2,76.27 1 0
avito-pvz/internal/repository/product/add.go:10.43,22.16 3 0
avito-pvz/internal/repository/product/add.go:22.16,24.3 1 0
avito-pvz/internal/repository/product/add.go:26.2,26.22 1 0
avito-pvz/internal/repository/product/delete_last.go:7.86,15.16 2 0
avito-pvz/internal/repository/product/delete_last.go:15.16,17.3 1 0
avito-pvz/internal/repository/product/delete_last.go:18.2,18.12 1 0
avito-pvz/internal/repository/product/get_category_id_by_name.go:10.90,19.16 3 0
avito-pvz/internal/repository/product/get_category_id_by_name.go:19.16,20.36 1 0
avito-pvz/internal/repository/product/get_category_id_by_name.go:20.36,22.4 1 0
avito-pvz/internal/repository/product/get_category_id_by_name.go:23.3,23.16 1 0
avito-pvz/internal/repository/product/get_category_id_by_name.go:26.2,26.24 1 0
avito-pvz/internal/repository/product/get_last_by_receiving_Id.go:11.117,24.16 3 0
avito-pvz/internal/repository/product/get_last_by_receiving_Id.go:24.16,25.36 1 0
avito-pvz/internal/repository/product/get_last_by_receiving_Id.go:25.36,27.4 1 0
avito-pvz/internal/repository/product/get_last_by_receiving_Id.go:28.3,28.18 1 0
avito-pvz/internal/repository/product/get_last_by_receiving_Id.go:30.2,30.22 1 0
avito-pvz/internal/repository/product/product.go:21.49,23.2 1 0
avito-pvz/internal/transport/middleware/auth.go:26.53,31.22 3 0
avito-pvz/internal/transport/middleware/auth.go:31.22,33.3 1 0
avito-pvz/internal/transport/middleware/auth.go:34.2,34.71 1 0
avito-pvz/internal/transport/middleware/auth.go:34.71,41.88 3 0
avito-pvz/internal/transport/middleware/auth.go:41.88,45.4 3 0
avito-pvz/internal/transport/middleware/auth.go:47.3,48.114 2 0
avito-pvz/internal/transport/middleware/auth.go:48.114,50.4 1 0
avito-pvz/internal/transport/middleware/auth.go:52.3,52.63 1 0
avito-pvz/internal/transport/middleware/auth.go:52.63,62.40 2 0
avito-pvz/internal/transport/middleware/auth.go:62.40,70.5 4 0
avito-pvz/internal/transport/middleware/auth.go:73.4,75.42 2 0
avito-pvz/internal/transport/middleware/auth.go:75.42,83.5 4 0
avito-pvz/internal/transport/middleware/auth.go:86.4,86.55 1 0
avito-pvz/internal/transport/middleware/auth.go:87.9,97.4 4 0
avito-pvz/internal/transport/middleware/auth.go:99.3,99.40 1 0
avito-pvz/internal/transport/middleware/requestIdKey.go:15.58,16.71 1 0
avito-pvz/internal/transport/middleware/requestIdKey.go:16.71,22.3 3 0
avito-pvz/internal/service/reception/close_last_reception.go:12.109,15.16 2 0
avito-pvz/internal/service/reception/close_last_reception.go:15.16,17.3 1 0
avito-pvz/internal/service/reception/close_last_reception.go:18.2,18.28 1 0
avito-pvz/internal/service/reception/close_last_reception.go:18.28,20.3 1 0
avito-pvz/internal/service/reception/close_last_reception.go:23.2,27.16 4 0
avito-pvz/internal/service/reception/close_last_reception.go:27.16,29.3 1 0
avito-pvz/internal/service/reception/close_last_reception.go:31.2,31.29 1 0
avito-pvz/internal/service/reception/create.go:12.106,16.16 2 0
avito-pvz/internal/service/reception/create.go:16.16,17.46 1 0
avito-pvz/internal/service/reception/create.go:17.46,19.4 1 0
avito-pvz/internal/service/reception/create.go:20.3,20.61 1 0
avito-pvz/internal/service/reception/create.go:24.2,25.16 2 0
avito-pvz/internal/service/reception/create.go:25.16,27.3 1 0
avito-pvz/internal/service/reception/create.go:29.2,29.28 1 0
avito-pvz/internal/service/reception/create.go:29.28,31.3 1 0
avito-pvz/internal/service/reception/create.go:33.2,40.16 5 0
avito-pvz/internal/service/reception/create.go:40.16,42.3 1 0
avito-pvz/internal/service/reception/create.go:43.2,43.17 1 0
avito-pvz/internal/service/reception/reception.go:20.97,22.2 1 0
avito-pvz/internal/service/product/add.go:17.41,21.16 2 0
avito-pvz/internal/service/product/add.go:21.16,22.46 1 0
avito-pvz/internal/service/product/add.go:22.46,24.4 1 0
avito-pvz/internal/service/product/add.go:25.3,25.61 1 0
avito-pvz/internal/service/product/add.go:29.2,30.16 2 0
avito-pvz/internal/service/product/add.go:30.16,32.3 1 0
avito-pvz/internal/service/product/add.go:33.2,33.28 1 0
avito-pvz/internal/service/product/add.go:33.28,35.3 1 0
avito-pvz/internal/service/product/add.go:38.2,39.16 2 0
avito-pvz/internal/service/product/add.go:39.16,40.53 1 0
avito-pvz/internal/service/product/add.go:40.53,42.4 1 0
avito-pvz/internal/service/product/add.go:43.3,44.71 2 0
avito-pvz/internal/service/product/add.go:47.2,48.16 2 0
avito-pvz/internal/service/product/add.go:48.16,51.3 2 0
avito-pvz/internal/service/product/add.go:53.2,55.21 2 0
avito-pvz/internal/service/product/deleteLast.go:13.85,16.16 2 0
avito-pvz/internal/service/product/deleteLast.go:16.16,17.46 1 0
avito-pvz/internal/service/product/deleteLast.go:17.46,19.4 1 0
avito-pvz/internal/service/product/deleteLast.go:20.3,20.56 1 0
avito-pvz/internal/service/product/deleteLast.go:24.2,25.16 2 0
avito-pvz/internal/service/product/deleteLast.go:25.16,27.3 1 0
avito-pvz/internal/service/product/deleteLast.go:28.2,28.28 1 0
avito-pvz/internal/service/product/deleteLast.go:28.28,30.3 1 0
avito-pvz/internal/service/product/deleteLast.go:33.2,34.16 2 0
avito-pvz/internal/service/product/deleteLast.go:34.16,35.53 1 0
avito-pvz/internal/service/product/deleteLast.go:35.53,37.4 1 0
avito-pvz/internal/service/product/deleteLast.go:38.3,39.59 2 0
avito-pvz/internal/service/product/deleteLast.go:43.2,44.16 2 0
avito-pvz/internal/service/product/deleteLast.go:44.16,47.3 2 0
avito-pvz/internal/service/product/deleteLast.go:49.2,49.12 1 0
avito-pvz/internal/service/product/product.go:24.52,26.2 1 0
avito-pvz/internal/service/pvz/create.go:14.91,16.16 2 0
avito-pvz/internal/service/pvz/create.go:16.16,17.47 1 0
avito-pvz/internal/service/pvz/create.go:17.47,19.4 1 0
avito-pvz/internal/service/pvz/create.go:20.3,21.59 2 0
avito-pvz/internal/service/pvz/create.go:24.2,27.16 3 0
avito-pvz/internal/service/pvz/create.go:27.16,28.51 1 0
avito-pvz/internal/service/pvz/create.go:28.51,30.4 1 0
avito-pvz/internal/service/pvz/create.go:32.3,36.58 2 0
avito-pvz/internal/service/pvz/create.go:39.2,39.17 1 0
avito-pvz/internal/service/pvz/pvz.go:19.49,21.2 1 0
avito-pvz/internal/service/pvz/pvz_get_with_filter.go:14.25,17.16 2 0
avito-pvz/internal/service/pvz/pvz_get_with_filter.go:17.16,19.3 1 0
avito-pvz/internal/service/pvz/pvz_get_with_filter.go:21.2,21.17 1 0
avito-pvz/internal/config/config.go:18.29,21.67 2 0
avito-pvz/internal/config/config.go:21.67,22.47 1 0
avito-pvz/internal/config/config.go:22.47,24.4 1 0
avito-pvz/internal/config/config.go:27.2,27.18 1 0
avito-pvz/internal/transport/http/handlers/reseption/close.go:15.87,20.17 2 0
avito-pvz/internal/transport/http/handlers/reseption/close.go:20.17,24.3 3 0
avito-pvz/internal/transport/http/handlers/reseption/close.go:26.2,27.16 2 0
avito-pvz/internal/transport/http/handlers/reseption/close.go:27.16,28.10 1 0
avito-pvz/internal/transport/http/handlers/reseption/close.go:29.60,32.10 3 0
avito-pvz/internal/transport/http/handlers/reseption/close.go:33.11,36.10 3 0
avito-pvz/internal/transport/http/handlers/reseption/close.go:40.2,48.37 3 0
avito-pvz/internal/transport/http/handlers/reseption/create.go:15.84,19.61 3 0
avito-pvz/internal/transport/http/handlers/reseption/create.go:19.61,31.3 4 0
avito-pvz/internal/transport/http/handlers/reseption/create.go:33.2,33.21 1 0
avito-pvz/internal/transport/http/handlers/reseption/create.go:33.21,37.3 3 0
avito-pvz/internal/transport/http/handlers/reseption/create.go:39.2,40.16 2 0
avito-pvz/internal/transport/http/handlers/reseption/create.go:40.16,44.3 3 0
avito-pvz/internal/transport/http/handlers/reseption/create.go:46.2,55.55 4 0
avito-pvz/internal/transport/http/handlers/reseption/create.go:55.55,57.3 1 0
avito-pvz/internal/transport/http/handlers/reseption/reseption.go:9.62,11.2 1 0
avito-pvz/internal/repository/pvz/create.go:13.94,22.16 2 0
avito-pvz/internal/repository/pvz/create.go:22.16,24.54 2 0
avito-pvz/internal/repository/pvz/create.go:24.54,26.4 1 0
avito-pvz/internal/repository/pvz/create.go:27.3,27.60 1 0
avito-pvz/internal/repository/pvz/create.go:30.2,36.8 1 0
avito-pvz/internal/repository/pvz/get_pvz_by_id.go:11.91,20.16 3 0
avito-pvz/internal/repository/pvz/get_pvz_by_id.go:20.16,21.36 1 0
avito-pvz/internal/repository/pvz/get_pvz_by_id.go:21.36,23.4 1 0
avito-pvz/internal/repository/pvz/get_pvz_by_id.go:24.3,24.18 1 0
avito-pvz/internal/repository/pvz/get_pvz_by_id.go:26.2,26.18 1 0
avito-pvz/internal/repository/pvz/get_pvz_list.go:14.25,33.16 3 0
avito-pvz/internal/repository/pvz/get_pvz_list.go:33.16,35.3 1 0
avito-pvz/internal/repository/pvz/get_pvz_list.go:36.2,40.18 3 0
avito-pvz/internal/repository/pvz/get_pvz_list.go:40.18,54.17 3 0
avito-pvz/internal/repository/pvz/get_pvz_list.go:54.17,56.4 1 0
avito-pvz/internal/repository/pvz/get_pvz_list.go:58.3,59.10 2 0
avito-pvz/internal/repository/pvz/get_pvz_list.go:59.10,66.4 2 0
avito-pvz/internal/repository/pvz/get_pvz_list.go:68.3,68.19 1 0
avito-pvz/internal/repository/pvz/get_pvz_list.go:68.19,70.37 2 0
avito-pvz/internal/repository/pvz/get_pvz_list.go:70.37,71.23 1 0
avito-pvz/internal/repository/pvz/get_pvz_list.go:71.23,73.23 2 0
avito-pvz/internal/repository/pvz/get_pvz_list.go:73.23,80.7 1 0
avito-pvz/internal/repository/pvz/get_pvz_list.go:81.6,81.11 1 0
avito-pvz/internal/repository/pvz/get_pvz_list.go:84.4,84.14 1 0
avito-pvz/internal/repository/pvz/get_pvz_list.go:84.14,91.22 2 0
avito-pvz/internal/repository/pvz/get_pvz_list.go:91.22,93.6 1 0
avito-pvz/internal/repository/pvz/get_pvz_list.go:94.5,94.22 1 0
avito-pvz/internal/repository/pvz/get_pvz_list.go:94.22,102.6 2 0
avito-pvz/internal/repository/pvz/get_pvz_list.go:103.5,103.55 1 0
avito-pvz/internal/repository/pvz/get_pvz_list.go:108.2,109.27 2 0
avito-pvz/internal/repository/pvz/get_pvz_list.go:109.27,111.3 1 0
avito-pvz/internal/repository/pvz/get_pvz_list.go:113.2,113.21 1 0
avito-pvz/internal/repository/pvz/get_сity_id_by_name.go:12.94,20.16 3 0
avito-pvz/internal/repository/pvz/get_сity_id_by_name.go:20.16,21.36 1 0
avito-pvz/internal/repository/pvz/get_сity_id_by_name.go:21.36,23.4 1 0
avito-pvz/internal/repository/pvz/get_сity_id_by_name.go:24.3,24.57 1 0
avito-pvz/internal/repository/pvz/get_сity_id_by_name.go:26.2,26.20 1 0
avito-pvz/internal/repository/pvz/pvz.go:22.51,24.2 1 0
avito-pvz/internal/transport/http/dto/pvz/pvz_list.go:29.66,31.65 1 0
avito-pvz/internal/transport/http/dto/pvz/pvz_list.go:31.65,32.67 1 0
avito-pvz/internal/transport/http/dto/pvz/pvz_list.go:32.67,34.4 1 0
avito-pvz/internal/transport/http/dto/pvz/pvz_list.go:34.9,36.4 1 0
avito-pvz/internal/transport/http/dto/pvz/pvz_list.go:39.2,39.59 1 0
avito-pvz/internal/transport/http/dto/pvz/pvz_list.go:39.59,40.65 1 0
avito-pvz/internal/transport/http/dto/pvz/pvz_list.go:40.65,42.4 1 0
avito-pvz/internal/transport/http/dto/pvz/pvz_list.go:42.9,44.4 1 0
avito-pvz/internal/transport/http/dto/pvz/pvz_list.go:47.2,47.50 1 0
avito-pvz/internal/transport/http/dto/pvz/pvz_list.go:47.50,48.53 1 0
avito-pvz/internal/transport/http/dto/pvz/pvz_list.go:48.53,50.4 1 0
avito-pvz/internal/transport/http/dto/pvz/pvz_list.go:53.2,53.53 1 0
avito-pvz/internal/transport/http/dto/pvz/pvz_list.go:53.53,54.55 1 0
avito-pvz/internal/transport/http/dto/pvz/pvz_list.go:54.55,56.4 1 0
avito-pvz/internal/transport/http/dto/pvz/pvz_list.go:59.2,59.12 1 0
avito-pvz/cmd/app/main.go:25.13,31.16 4 0
avito-pvz/cmd/app/main.go:31.16,34.3 2 0
avito-pvz/cmd/app/main.go:36.2,37.16 2 0
avito-pvz/cmd/app/main.go:37.16,40.3 2 0
avito-pvz/cmd/app/main.go:42.2,64.37 15 0
avito-pvz/cmd/app/main.go:64.37,68.42 4 0
avito-pvz/cmd/app/main.go:68.42,71.4 2 0
avito-pvz/cmd/app/main.go:74.2,77.33 3 0
avito-pvz/internal/transport/http/handlers/auth/auth.go:6.32,8.2 1 0
avito-pvz/internal/transport/http/handlers/auth/dummy_login.go:16.74,19.61 2 0
avito-pvz/internal/transport/http/handlers/auth/dummy_login.go:19.61,23.3 3 0
avito-pvz/internal/transport/http/handlers/auth/dummy_login.go:25.2,25.71 1 0
avito-pvz/internal/transport/http/handlers/auth/dummy_login.go:25.71,29.3 3 0
avito-pvz/internal/transport/http/handlers/auth/dummy_login.go:31.2,34.16 3 0
avito-pvz/internal/transport/http/handlers/auth/dummy_login.go:34.16,38.3 3 0
avito-pvz/internal/transport/http/handlers/auth/dummy_login.go:40.2,40.66 1 0
avito-pvz/internal/transport/http/handlers/auth/dummy_login.go:43.71,52.16 3 0
avito-pvz/internal/transport/http/handlers/auth/dummy_login.go:52.16,54.3 1 0
avito-pvz/internal/transport/http/handlers/auth/dummy_login.go:56.2,56.25 1 0
